<?xml version="1.0" encoding="UTF-8"?>
<testsuite xmlns:xsi="http://www.w3.org/2001/XMLSchema-instance" xsi:noNamespaceSchemaLocation="https://maven.apache.org/surefire/maven-surefire-plugin/xsd/surefire-test-report.xsd" version="3.0.2" name="com.online.travel.planning.online.travel.planning.backend.OnlineTravelPlanningBackendApplicationTests" time="4.645" tests="1" errors="0" skipped="0" failures="0">
  <properties>
[...]
</properties>
  <testcase name="contextLoads" classname="com.online.travel.planning.online.travel.planning.backend.OnlineTravelPlanningBackendApplicationTests" time="0.715">
    <system-out><![CDATA[07:49:08.908 [main] INFO org.springframework.test.context.support.AnnotationConfigContextLoaderUtils -- Could not detect default configuration classes for test class [com.online.travel.planning.online.travel.planning.backend.OnlineTravelPlanningBackendApplicationTests]: OnlineTravelPlanningBackendApplicationTests does not declare any static, non-private, non-final, nested classes annotated with @Configuration.
07:49:08.992 [main] INFO org.springframework.boot.test.context.SpringBootTestContextBootstrapper -- Found @SpringBootConfiguration com.online.travel.planning.online.travel.planning.backend.OnlineTravelPlanningBackendApplication for test class com.online.travel.planning.online.travel.planning.backend.OnlineTravelPlanningBackendApplicationTests

  .   ____          _            __ _ _
 /\\ / ___'_ __ _ _(_)_ __  __ _ \ \ \ \
( ( )\___ | '_ | '_| | '_ \/ _` | \ \ \ \
 \\/  ___)| |_)| | | | | || (_| |  ) ) ) )
  '  |____| .__|_| |_|_| |_\__, | / / / /
 =========|_|==============|___/=/_/_/_/

 :: Spring Boot ::                (v3.4.2)

2025-01-26T07:49:09.343+05:30  INFO 16444 --- [online-travel-planning] [           main] ineTravelPlanningBackendApplicationTests : Starting OnlineTravelPlanningBackendApplicationTests using Java 17.0.12 with PID 16444 (started by ekdvs in C:\Users\ekdvs\OneDrive\Pictures\Documents\GitHub\Tour-Reservation-Backend\online-travel-planning-backend)
2025-01-26T07:49:09.345+05:30  INFO 16444 --- [online-travel-planning] [           main] ineTravelPlanningBackendApplicationTests : No active profile set, falling back to 1 default profile: "default"
2025-01-26T07:49:10.309+05:30  INFO 16444 --- [online-travel-planning] [           main] .s.d.r.c.RepositoryConfigurationDelegate : Bootstrapping Spring Data MongoDB repositories in DEFAULT mode.
2025-01-26T07:49:10.384+05:30  INFO 16444 --- [online-travel-planning] [           main] .s.d.r.c.RepositoryConfigurationDelegate : Finished Spring Data repository scanning in 68 ms. Found 7 MongoDB repository interfaces.
2025-01-26T07:49:11.049+05:30  INFO 16444 --- [online-travel-planning] [           main] org.mongodb.driver.client                : MongoClient with metadata {"driver": {"name": "mongo-java-driver|sync|spring-boot", "version": "5.2.1"}, "os": {"type": "Windows", "name": "Windows 11", "architecture": "amd64", "version": "10.0"}, "platform": "Java/Oracle Corporation/17.0.12+8-LTS-286"} created with settings MongoClientSettings{readPreference=primary, writeConcern=WriteConcern{w=null, wTimeout=null ms, journal=null}, retryWrites=true, retryReads=true, readConcern=ReadConcern{level=null}, credential=MongoCredential{mechanism=null, userName='stu0752678', source='admin', password=<hidden>, mechanismProperties=<hidden>}, transportSettings=null, commandListeners=[io.micrometer.core.instrument.binder.mongodb.MongoMetricsCommandListener@7345f97d], codecRegistry=ProvidersCodecRegistry{codecProviders=[ValueCodecProvider{}, BsonValueCodecProvider{}, DBRefCodecProvider{}, DBObjectCodecProvider{}, DocumentCodecProvider{}, CollectionCodecProvider{}, IterableCodecProvider{}, MapCodecProvider{}, GeoJsonCodecProvider{}, GridFSFileCodecProvider{}, Jsr310CodecProvider{}, JsonObjectCodecProvider{}, BsonCodecProvider{}, EnumCodecProvider{}, com.mongodb.client.model.mql.ExpressionCodecProvider@554566a8, com.mongodb.Jep395RecordCodecProvider@66020d69, com.mongodb.KotlinCodecProvider@3751acd7]}, loggerSettings=LoggerSettings{maxDocumentLength=1000}, clusterSettings={hosts=[127.0.0.1:27017], srvHost=cluster0.kughe.mongodb.net, srvServiceName=mongodb, mode=MULTIPLE, requiredClusterType=REPLICA_SET, requiredReplicaSetName='atlas-nolpvt-shard-0', serverSelector='null', clusterListeners='[]', serverSelectionTimeout='30000 ms', localThreshold='15 ms'}, socketSettings=SocketSettings{connectTimeoutMS=10000, readTimeoutMS=0, receiveBufferSize=0, proxySettings=ProxySettings{host=null, port=null, username=null, password=null}}, heartbeatSocketSettings=SocketSettings{connectTimeoutMS=10000, readTimeoutMS=10000, receiveBufferSize=0, proxySettings=ProxySettings{host=null, port=null, username=null, password=null}}, connectionPoolSettings=ConnectionPoolSettings{maxSize=100, minSize=0, maxWaitTimeMS=120000, maxConnectionLifeTimeMS=0, maxConnectionIdleTimeMS=0, maintenanceInitialDelayMS=0, maintenanceFrequencyMS=60000, connectionPoolListeners=[io.micrometer.core.instrument.binder.mongodb.MongoMetricsConnectionPoolListener@6b832551], maxConnecting=2}, serverSettings=ServerSettings{heartbeatFrequencyMS=10000, minHeartbeatFrequencyMS=500, serverMonitoringMode=AUTO, serverListeners='[]', serverMonitorListeners='[]'}, sslSettings=SslSettings{enabled=true, invalidHostNameAllowed=false, context=null}, applicationName='null', compressorList=[], uuidRepresentation=JAVA_LEGACY, serverApi=null, autoEncryptionSettings=null, dnsClient=null, inetAddressResolver=null, contextProvider=null, timeoutMS=null}
2025-01-26T07:49:11.105+05:30  INFO 16444 --- [online-travel-planning] [ghe.mongodb.net] org.mongodb.driver.cluster               : Adding discovered server cluster0-shard-00-02.kughe.mongodb.net:27017 to client view of cluster
2025-01-26T07:49:11.148+05:30  INFO 16444 --- [online-travel-planning] [ghe.mongodb.net] org.mongodb.driver.cluster               : Adding discovered server cluster0-shard-00-00.kughe.mongodb.net:27017 to client view of cluster
2025-01-26T07:49:11.152+05:30  INFO 16444 --- [online-travel-planning] [ghe.mongodb.net] org.mongodb.driver.cluster               : Adding discovered server cluster0-shard-00-01.kughe.mongodb.net:27017 to client view of cluster
2025-01-26T07:49:11.732+05:30  WARN 16444 --- [online-travel-planning] [           main] .s.s.UserDetailsServiceAutoConfiguration : 

Using generated security password: c542108a-7eb3-4aac-a0f9-116bda22b0ef

This generated password is for development use only. Your security configuration must be updated before running your application in production.

2025-01-26T07:49:11.741+05:30  INFO 16444 --- [online-travel-planning] [           main] r$InitializeUserDetailsManagerConfigurer : Global AuthenticationManager configured with UserDetailsService bean with name inMemoryUserDetailsManager
2025-01-26T07:49:12.286+05:30  INFO 16444 --- [online-travel-planning] [ngodb.net:27017] org.mongodb.driver.cluster               : Monitor thread successfully connected to server with description ServerDescription{address=cluster0-shard-00-01.kughe.mongodb.net:27017, type=REPLICA_SET_PRIMARY, cryptd=false, state=CONNECTED, ok=true, minWireVersion=0, maxWireVersion=25, maxDocumentSize=16777216, logicalSessionTimeoutMinutes=30, roundTripTimeNanos=607171600, minRoundTripTimeNanos=0, setName='atlas-nolpvt-shard-0', canonicalAddress=cluster0-shard-00-01.kughe.mongodb.net:27017, hosts=[cluster0-shard-00-00.kughe.mongodb.net:27017, cluster0-shard-00-01.kughe.mongodb.net:27017, cluster0-shard-00-02.kughe.mongodb.net:27017], passives=[], arbiters=[], primary='cluster0-shard-00-01.kughe.mongodb.net:27017', tagSet=TagSet{[Tag{name='availabilityZone', value='aps1-az3'}, Tag{name='diskState', value='READY'}, Tag{name='nodeType', value='ELECTABLE'}, Tag{name='provider', value='AWS'}, Tag{name='region', value='AP_SOUTH_1'}, Tag{name='workloadType', value='OPERATIONAL'}]}, electionId=7fffffff000000000000019a, setVersion=150, topologyVersion=TopologyVersion{processId=6790d2f0411646190756f566, counter=6}, lastWriteDate=Sun Jan 26 07:49:16 IST 2025, lastUpdateTimeNanos=44103156958200}
2025-01-26T07:49:12.286+05:30  INFO 16444 --- [online-travel-planning] [ngodb.net:27017] org.mongodb.driver.cluster               : Monitor thread successfully connected to server with description ServerDescription{address=cluster0-shard-00-02.kughe.mongodb.net:27017, type=REPLICA_SET_SECONDARY, cryptd=false, state=CONNECTED, ok=true, minWireVersion=0, maxWireVersion=25, maxDocumentSize=16777216, logicalSessionTimeoutMinutes=30, roundTripTimeNanos=615288700, minRoundTripTimeNanos=0, setName='atlas-nolpvt-shard-0', canonicalAddress=cluster0-shard-00-02.kughe.mongodb.net:27017, hosts=[cluster0-shard-00-00.kughe.mongodb.net:27017, cluster0-shard-00-01.kughe.mongodb.net:27017, cluster0-shard-00-02.kughe.mongodb.net:27017], passives=[], arbiters=[], primary='cluster0-shard-00-01.kughe.mongodb.net:27017', tagSet=TagSet{[Tag{name='availabilityZone', value='aps1-az2'}, Tag{name='diskState', value='READY'}, Tag{name='nodeType', value='ELECTABLE'}, Tag{name='provider', value='AWS'}, Tag{name='region', value='AP_SOUTH_1'}, Tag{name='workloadType', value='OPERATIONAL'}]}, electionId=null, setVersion=150, topologyVersion=TopologyVersion{processId=6790d558205c7e928b9cea47, counter=3}, lastWriteDate=Sun Jan 26 07:49:16 IST 2025, lastUpdateTimeNanos=44103156958300}
2025-01-26T07:49:12.286+05:30  INFO 16444 --- [online-travel-planning] [ngodb.net:27017] org.mongodb.driver.cluster               : Monitor thread successfully connected to server with description ServerDescription{address=cluster0-shard-00-00.kughe.mongodb.net:27017, type=REPLICA_SET_SECONDARY, cryptd=false, state=CONNECTED, ok=true, minWireVersion=0, maxWireVersion=25, maxDocumentSize=16777216, logicalSessionTimeoutMinutes=30, roundTripTimeNanos=603622200, minRoundTripTimeNanos=0, setName='atlas-nolpvt-shard-0', canonicalAddress=cluster0-shard-00-00.kughe.mongodb.net:27017, hosts=[cluster0-shard-00-00.kughe.mongodb.net:27017, cluster0-shard-00-01.kughe.mongodb.net:27017, cluster0-shard-00-02.kughe.mongodb.net:27017], passives=[], arbiters=[], primary='cluster0-shard-00-01.kughe.mongodb.net:27017', tagSet=TagSet{[Tag{name='availabilityZone', value='aps1-az1'}, Tag{name='diskState', value='READY'}, Tag{name='nodeType', value='ELECTABLE'}, Tag{name='provider', value='AWS'}, Tag{name='region', value='AP_SOUTH_1'}, Tag{name='workloadType', value='OPERATIONAL'}]}, electionId=null, setVersion=150, topologyVersion=TopologyVersion{processId=6790d3dda5d03e8c68ee4b17, counter=4}, lastWriteDate=Sun Jan 26 07:49:16 IST 2025, lastUpdateTimeNanos=44103156958300}
2025-01-26T07:49:12.289+05:30  INFO 16444 --- [online-travel-planning] [ngodb.net:27017] org.mongodb.driver.cluster               : Discovered replica set primary cluster0-shard-00-01.kughe.mongodb.net:27017 with max election id 7fffffff000000000000019a and max set version 150
2025-01-26T07:49:12.582+05:30  INFO 16444 --- [online-travel-planning] [           main] o.s.b.a.e.web.EndpointLinksResolver      : Exposing 1 endpoint beneath base path '/actuator'
2025-01-26T07:49:12.662+05:30  INFO 16444 --- [online-travel-planning] [           main] ineTravelPlanningBackendApplicationTests : Started OnlineTravelPlanningBackendApplicationTests in 3.539 seconds (process running for 4.293)
]]></system-out>
  </testcase>
</testsuite>